********************************************************************************
DUPLICATOR-LITE PACKAGE-LOG: 16 January 2022 5:43 pm
NOTICE: Do NOT post to public sites or forums 
********************************************************************************
VERSION:	1.4.3
WORDPRESS:	5.8.3
PHP INFO:	7.4.25 | SAPI: apache2handler
SERVER:		Apache/2.4.52 (Debian) 
PHP TIME LIMIT: (0) no time limit imposed 
PHP MAX MEMORY: 4294967296 (128M default) 
MEMORY STACK: 2MB

********************************************************************************
DATABASE:
********************************************************************************
BUILD MODE:   MYSQLDUMP
MYSQLTIMEOUT: 5000
MYSQLDUMP:    Is Supported
SQL CREATED: 20220116_labellecave_c25e1e0549cb58be6856_20220116174312_database.sql
SQL FILE SIZE: 3.58MB (3750821)
SQL FILE TIME: 2022-01-16 17:43:17
SQL RUNTIME: 0.12 sec.

********************************************************************************
ARCHIVE (ZIP):
********************************************************************************
ARCHIVE DIR:  /var/www/mael-queau.fr/www/labellecave
ARCHIVE FILE: 20220116_labellecave_c25e1e0549cb58be6856_20220116174312_archive.zip
FILTERS: *OFF*
DIRS:
	not set
FILES:
	not set
EXTS:  not set
----------------------------------------
COMPRESSING
SIZE:	166.46MB
STATS:	Dirs 1,243 | Files 7,116
SQL ADDED: 20220116_labellecave_c25e1e0549cb58be6856_20220116174312_database.sql
ZipArchive Object
(
    [status] => 0
    [statusSys] => 0
    [numFiles] => 8359
    [filename] => /var/www/mael-queau.fr/www/labellecave/wp-content/backups-dup-lite/tmp/20220116_labellecave_c25e1e0549cb58be6856_20220116174312_archive.zip
    [comment] => 
)

FILE ADDED TO ZIP: 8358
COMPRESSION RESULT: '1'
COMPRESSED SIZE: 80.02MB
ARCHIVE RUNTIME: 11.26 sec.
MEMORY STACK: 4MB
building installer
add_extra_files1
add_extra_files2
add_extra_files3
add_extra_files4
Doing archive file check
add_extra_files5
add_extra_files6
add_extra_files8
Successfully opened zip /var/www/mael-queau.fr/www/labellecave/wp-content/backups-dup-lite/tmp/20220116_labellecave_c25e1e0549cb58be6856_20220116174312_archive.zip
Adding enhanced installer files to archive using ZipArchive
Installer files added to archive
Added to archive
After ziparchive close when adding installer

********************************************************************************
INTEGRITY CHECKS:
********************************************************************************
SQL FILE: 3.58MB
INSTALLER FILE: 64.26KB
ARCHIVE FILE: 81.04MB 
EXPECTED FILE/DIRECTORY COUNT: 8,359
ACTUAL FILE/DIRECTORY COUNT: 8,358
ARCHIVE CONSISTENCY TEST: Pass

********************************************************************************
RECORD ID:[2]
TOTAL PROCESS RUNTIME: 11.93 sec.
PEAK PHP MEMORY USED: 6MB
DONE PROCESSING => 20220116_labellecave 16 January 2022 5:43 pm

