[16/Jan/2022:16:49:38] (I): WordPress Instance Info:
[16/Jan/2022:16:49:38] (I): Home URL : https://mael-queau.fr/labellecave
[16/Jan/2022:16:49:38] (I): Site URL : https://mael-queau.fr/labellecave
[16/Jan/2022:16:49:38] (I): WordPress Version : 5.8.3
[16/Jan/2022:16:49:38] (I): Onboarding Version : 1.1.20
[16/Jan/2022:16:49:38] (I): Multisite : No
[16/Jan/2022:16:49:38] (I): Server Info : Apache/2.4.52 (Debian)
[16/Jan/2022:16:49:38] (I): PHP Version : 7.4.25
[16/Jan/2022:16:49:38] (I): HTTPS : Yes
[16/Jan/2022:16:49:38] (I): PHP Max Execution Time : 30
[16/Jan/2022:16:49:38] (I): PHP Max Input Vars : 1000
[16/Jan/2022:16:49:38] (I): Max Upload Size : 2097152
[16/Jan/2022:16:49:38] (I): Plugins:
[16/Jan/2022:16:49:38] (I): [PLUGIN] Contact Form 7 : v5.5.3 (Takayuki Miyoshi)
[16/Jan/2022:16:49:38] (I): [PLUGIN] Elementor : v3.5.3 (Elementor.com)
[16/Jan/2022:16:49:38] (I): [PLUGIN] Gutenberg Blocks and Template Library by Otter : v1.7.4 (ThemeIsle)
[16/Jan/2022:16:49:38] (I): [PLUGIN] Page Builder by SiteOrigin : v2.16.0 (SiteOrigin)
[16/Jan/2022:16:49:38] (I): [PLUGIN] SiteOrigin Widgets Bundle : v1.29.0 (SiteOrigin)
[16/Jan/2022:16:49:38] (I): [PLUGIN] Templates Patterns Collection : v1.1.20 (ThemeIsle)
[16/Jan/2022:16:49:38] (I): [PLUGIN] WPForms Lite : v1.7.2 (WPForms)
[16/Jan/2022:16:49:38] (P): Saving remote XML
[16/Jan/2022:16:49:38] (S): Saved remote XML at path /var/www/mael-queau.fr/www/labellecave/wp-content/uploads/themeisle-demo-import.xml.
[16/Jan/2022:16:49:38] (P): Starting content import...
[16/Jan/2022:16:49:38] (S): Import started.
[16/Jan/2022:16:49:38] (S): Parsing XML file.
[16/Jan/2022:16:49:38] (P): Starting parsing file:/var/www/mael-queau.fr/www/labellecave/wp-content/uploads/themeisle-demo-import.xml
[16/Jan/2022:16:49:38] (P): Using WXR_Parser_SimpleXML...
[16/Jan/2022:16:49:38] (S): Parsed XML
[16/Jan/2022:16:49:38] (P): Processing categories...
[16/Jan/2022:16:49:38] (S): Processed categories.
[16/Jan/2022:16:49:38] (P): Processing tags...
[16/Jan/2022:16:49:38] (S): No tags to process.
[16/Jan/2022:16:49:38] (P): Processing terms...
[16/Jan/2022:16:49:38] (S): Processed terms.
[16/Jan/2022:16:49:38] (P): Processing posts...
[16/Jan/2022:16:49:38] (P): Processing attachment: https://s33834.pcdn.co/restaurant-gb/wp-content/uploads/sites/445/2019/05/neve-restaurant-header1.jpg...
[16/Jan/2022:16:49:38] (P): Fetching attachment from url: https://s33834.pcdn.co/restaurant-gb/wp-content/uploads/sites/445/2019/05/neve-restaurant-header1.jpg...
[16/Jan/2022:16:49:39] (S): Fetched remote attachment.
[16/Jan/2022:16:49:39] (P): Inserting attachment...
[16/Jan/2022:16:49:39] (S): Attachment inserted
[16/Jan/2022:16:49:39] (S): Processed attachment.
[16/Jan/2022:16:49:39] (P): Processing attachment: https://s33834.pcdn.co/restaurant-gb/wp-content/uploads/sites/445/2019/05/neve-restaurant-menu1.jpg...
[16/Jan/2022:16:49:39] (P): Fetching attachment from url: https://s33834.pcdn.co/restaurant-gb/wp-content/uploads/sites/445/2019/05/neve-restaurant-menu1.jpg...
[16/Jan/2022:16:49:39] (S): Fetched remote attachment.
[16/Jan/2022:16:49:39] (P): Inserting attachment...
[16/Jan/2022:16:49:39] (S): Attachment inserted
[16/Jan/2022:16:49:39] (S): Processed attachment.
[16/Jan/2022:16:49:39] (P): Processing attachment: https://s33834.pcdn.co/restaurant-gb/wp-content/uploads/sites/445/2019/05/neve-restaurant-menu2.jpg...
[16/Jan/2022:16:49:39] (P): Fetching attachment from url: https://s33834.pcdn.co/restaurant-gb/wp-content/uploads/sites/445/2019/05/neve-restaurant-menu2.jpg...
[16/Jan/2022:16:49:39] (S): Fetched remote attachment.
[16/Jan/2022:16:49:39] (P): Inserting attachment...
[16/Jan/2022:16:49:39] (S): Attachment inserted
[16/Jan/2022:16:49:39] (S): Processed attachment.
[16/Jan/2022:16:49:39] (P): Processing attachment: https://s33834.pcdn.co/restaurant-gb/wp-content/uploads/sites/445/2019/05/neve-restaurant-gallery-menu1.jpg...
[16/Jan/2022:16:49:39] (P): Fetching attachment from url: https://s33834.pcdn.co/restaurant-gb/wp-content/uploads/sites/445/2019/05/neve-restaurant-gallery-menu1.jpg...
[16/Jan/2022:16:49:40] (S): Fetched remote attachment.
[16/Jan/2022:16:49:40] (P): Inserting attachment...
[16/Jan/2022:16:49:40] (S): Attachment inserted
[16/Jan/2022:16:49:40] (S): Processed attachment.
[16/Jan/2022:16:49:40] (P): Processing attachment: https://s33834.pcdn.co/restaurant-gb/wp-content/uploads/sites/445/2019/05/neve-restaurant-gallery-menu2.jpg...
[16/Jan/2022:16:49:40] (P): Fetching attachment from url: https://s33834.pcdn.co/restaurant-gb/wp-content/uploads/sites/445/2019/05/neve-restaurant-gallery-menu2.jpg...
[16/Jan/2022:16:49:40] (S): Fetched remote attachment.
[16/Jan/2022:16:49:40] (P): Inserting attachment...
[16/Jan/2022:16:49:40] (S): Attachment inserted
[16/Jan/2022:16:49:40] (S): Processed attachment.
[16/Jan/2022:16:49:40] (P): Processing attachment: https://s33834.pcdn.co/restaurant-gb/wp-content/uploads/sites/445/2019/05/neve-restaurant-gallery-menu3.jpg...
[16/Jan/2022:16:49:40] (P): Fetching attachment from url: https://s33834.pcdn.co/restaurant-gb/wp-content/uploads/sites/445/2019/05/neve-restaurant-gallery-menu3.jpg...
[16/Jan/2022:16:49:40] (S): Fetched remote attachment.
[16/Jan/2022:16:49:40] (P): Inserting attachment...
[16/Jan/2022:16:49:40] (S): Attachment inserted
[16/Jan/2022:16:49:40] (S): Processed attachment.
[16/Jan/2022:16:49:40] (P): Processing attachment: https://s33834.pcdn.co/restaurant-gb/wp-content/uploads/sites/445/2019/05/neve-restaurant-gallery-menu4.jpg...
[16/Jan/2022:16:49:40] (P): Fetching attachment from url: https://s33834.pcdn.co/restaurant-gb/wp-content/uploads/sites/445/2019/05/neve-restaurant-gallery-menu4.jpg...
[16/Jan/2022:16:49:41] (S): Fetched remote attachment.
[16/Jan/2022:16:49:41] (P): Inserting attachment...
[16/Jan/2022:16:49:41] (S): Attachment inserted
[16/Jan/2022:16:49:41] (S): Processed attachment.
[16/Jan/2022:16:49:41] (P): Processing attachment: https://s33834.pcdn.co/restaurant-gb/wp-content/uploads/sites/445/2019/05/neve-restaurant-gallery-menu5.jpg...
[16/Jan/2022:16:49:41] (P): Fetching attachment from url: https://s33834.pcdn.co/restaurant-gb/wp-content/uploads/sites/445/2019/05/neve-restaurant-gallery-menu5.jpg...
[16/Jan/2022:16:49:41] (S): Fetched remote attachment.
[16/Jan/2022:16:49:41] (P): Inserting attachment...
[16/Jan/2022:16:49:41] (S): Attachment inserted
[16/Jan/2022:16:49:41] (S): Processed attachment.
[16/Jan/2022:16:49:41] (P): Processing attachment: https://s33834.pcdn.co/restaurant-gb/wp-content/uploads/sites/445/2019/05/neve-restaurant-gallery-menu7.jpg...
[16/Jan/2022:16:49:41] (P): Fetching attachment from url: https://s33834.pcdn.co/restaurant-gb/wp-content/uploads/sites/445/2019/05/neve-restaurant-gallery-menu7.jpg...
[16/Jan/2022:16:49:41] (S): Fetched remote attachment.
[16/Jan/2022:16:49:41] (P): Inserting attachment...
[16/Jan/2022:16:49:41] (S): Attachment inserted
[16/Jan/2022:16:49:41] (S): Processed attachment.
[16/Jan/2022:16:49:41] (P): Processing attachment: https://s33834.pcdn.co/restaurant-gb/wp-content/uploads/sites/445/2019/05/neve-restaurant-gallery-menu8.jpg...
[16/Jan/2022:16:49:41] (P): Fetching attachment from url: https://s33834.pcdn.co/restaurant-gb/wp-content/uploads/sites/445/2019/05/neve-restaurant-gallery-menu8.jpg...
[16/Jan/2022:16:49:41] (S): Fetched remote attachment.
[16/Jan/2022:16:49:41] (P): Inserting attachment...
[16/Jan/2022:16:49:41] (S): Attachment inserted
[16/Jan/2022:16:49:41] (S): Processed attachment.
[16/Jan/2022:16:49:41] (P): Processing attachment: https://s33834.pcdn.co/restaurant-gb/wp-content/uploads/sites/445/2019/05/neve-restaurant-gallery-small-menu1.jpg...
[16/Jan/2022:16:49:41] (P): Fetching attachment from url: https://s33834.pcdn.co/restaurant-gb/wp-content/uploads/sites/445/2019/05/neve-restaurant-gallery-small-menu1.jpg...
[16/Jan/2022:16:49:41] (S): Fetched remote attachment.
[16/Jan/2022:16:49:41] (P): Inserting attachment...
[16/Jan/2022:16:49:41] (S): Attachment inserted
[16/Jan/2022:16:49:41] (S): Processed attachment.
[16/Jan/2022:16:49:41] (P): Processing attachment: https://s33834.pcdn.co/restaurant-gb/wp-content/uploads/sites/445/2019/05/neve-restaurant-gallery-small-menu4.jpg...
[16/Jan/2022:16:49:41] (P): Fetching attachment from url: https://s33834.pcdn.co/restaurant-gb/wp-content/uploads/sites/445/2019/05/neve-restaurant-gallery-small-menu4.jpg...
[16/Jan/2022:16:49:41] (S): Fetched remote attachment.
[16/Jan/2022:16:49:41] (P): Inserting attachment...
[16/Jan/2022:16:49:41] (S): Attachment inserted
[16/Jan/2022:16:49:41] (S): Processed attachment.
[16/Jan/2022:16:49:41] (P): Processing attachment: https://s33834.pcdn.co/restaurant-gb/wp-content/uploads/sites/445/2019/05/neve-restaurant-gallery-small-menu2.jpg...
[16/Jan/2022:16:49:41] (P): Fetching attachment from url: https://s33834.pcdn.co/restaurant-gb/wp-content/uploads/sites/445/2019/05/neve-restaurant-gallery-small-menu2.jpg...
[16/Jan/2022:16:49:42] (S): Fetched remote attachment.
[16/Jan/2022:16:49:42] (P): Inserting attachment...
[16/Jan/2022:16:49:42] (S): Attachment inserted
[16/Jan/2022:16:49:42] (S): Processed attachment.
[16/Jan/2022:16:49:42] (P): Processing attachment: https://s33834.pcdn.co/restaurant-gb/wp-content/uploads/sites/445/2019/05/neve-restaurant-gallery-small-menu5.jpg...
[16/Jan/2022:16:49:42] (P): Fetching attachment from url: https://s33834.pcdn.co/restaurant-gb/wp-content/uploads/sites/445/2019/05/neve-restaurant-gallery-small-menu5.jpg...
[16/Jan/2022:16:49:42] (S): Fetched remote attachment.
[16/Jan/2022:16:49:42] (P): Inserting attachment...
[16/Jan/2022:16:49:42] (S): Attachment inserted
[16/Jan/2022:16:49:42] (S): Processed attachment.
[16/Jan/2022:16:49:42] (P): Processing attachment: https://s33834.pcdn.co/restaurant-gb/wp-content/uploads/sites/445/2019/05/neve-restaurant-gallery-small-menu3.jpg...
[16/Jan/2022:16:49:42] (P): Fetching attachment from url: https://s33834.pcdn.co/restaurant-gb/wp-content/uploads/sites/445/2019/05/neve-restaurant-gallery-small-menu3.jpg...
[16/Jan/2022:16:49:42] (S): Fetched remote attachment.
[16/Jan/2022:16:49:42] (P): Inserting attachment...
[16/Jan/2022:16:49:42] (S): Attachment inserted
[16/Jan/2022:16:49:42] (S): Processed attachment.
[16/Jan/2022:16:49:42] (P): Processing attachment: https://s33834.pcdn.co/restaurant-gb/wp-content/uploads/sites/445/2019/05/neve-restaurant-gallery-small-menu6.jpg...
[16/Jan/2022:16:49:42] (P): Fetching attachment from url: https://s33834.pcdn.co/restaurant-gb/wp-content/uploads/sites/445/2019/05/neve-restaurant-gallery-small-menu6.jpg...
[16/Jan/2022:16:49:42] (S): Fetched remote attachment.
[16/Jan/2022:16:49:42] (P): Inserting attachment...
[16/Jan/2022:16:49:42] (S): Attachment inserted
[16/Jan/2022:16:49:42] (S): Processed attachment.
[16/Jan/2022:16:49:42] (P): Processing attachment: https://s33834.pcdn.co/restaurant-gb/wp-content/uploads/sites/445/2019/05/neve-restaurant-gallery-med-menu3a.jpg...
[16/Jan/2022:16:49:42] (P): Fetching attachment from url: https://s33834.pcdn.co/restaurant-gb/wp-content/uploads/sites/445/2019/05/neve-restaurant-gallery-med-menu3a.jpg...
[16/Jan/2022:16:49:43] (S): Fetched remote attachment.
[16/Jan/2022:16:49:43] (P): Inserting attachment...
[16/Jan/2022:16:49:43] (S): Attachment inserted
[16/Jan/2022:16:49:43] (S): Processed attachment.
[16/Jan/2022:16:49:43] (P): Processing attachment: https://s33834.pcdn.co/restaurant-gb/wp-content/uploads/sites/445/2019/05/neve-restaurant-testimonial-1.jpg...
[16/Jan/2022:16:49:43] (P): Fetching attachment from url: https://s33834.pcdn.co/restaurant-gb/wp-content/uploads/sites/445/2019/05/neve-restaurant-testimonial-1.jpg...
[16/Jan/2022:16:49:43] (S): Fetched remote attachment.
[16/Jan/2022:16:49:43] (P): Inserting attachment...
[16/Jan/2022:16:49:43] (S): Attachment inserted
[16/Jan/2022:16:49:43] (S): Processed attachment.
[16/Jan/2022:16:49:43] (P): Processing attachment: https://s33834.pcdn.co/restaurant-gb/wp-content/uploads/sites/445/2019/05/placeholder-image.png...
[16/Jan/2022:16:49:43] (P): Fetching attachment from url: https://s33834.pcdn.co/restaurant-gb/wp-content/uploads/sites/445/2019/05/placeholder-image.png...
[16/Jan/2022:16:49:43] (S): Fetched remote attachment.
[16/Jan/2022:16:49:43] (P): Inserting attachment...
[16/Jan/2022:16:49:43] (S): Attachment inserted
[16/Jan/2022:16:49:43] (S): Processed attachment.
[16/Jan/2022:16:49:43] (P): Processing attachment: https://s33834.pcdn.co/restaurant-gb/wp-content/uploads/sites/445/2019/07/neve-restaurant-gallery-menu6.jpg...
[16/Jan/2022:16:49:43] (P): Fetching attachment from url: https://s33834.pcdn.co/restaurant-gb/wp-content/uploads/sites/445/2019/07/neve-restaurant-gallery-menu6.jpg...
[16/Jan/2022:16:49:43] (S): Fetched remote attachment.
[16/Jan/2022:16:49:43] (P): Inserting attachment...
[16/Jan/2022:16:49:43] (S): Attachment inserted
[16/Jan/2022:16:49:43] (S): Processed attachment.
[16/Jan/2022:16:49:43] (P): Inserting custom_css: neve .
[16/Jan/2022:16:49:43] (S): Done inserting custom_css: neve .
[16/Jan/2022:16:49:43] (P): Processing attachment: https://s33834.pcdn.co/restaurant-gb/wp-content/uploads/sites/445/2019/05/neve-restaurant-header3-1024x413.jpg...
[16/Jan/2022:16:49:43] (P): Fetching attachment from url: https://s33834.pcdn.co/restaurant-gb/wp-content/uploads/sites/445/2019/05/neve-restaurant-header3-1024x413.jpg...
[16/Jan/2022:16:49:43] (S): Fetched remote attachment.
[16/Jan/2022:16:49:43] (P): Inserting attachment...
[16/Jan/2022:16:49:43] (S): Attachment inserted
[16/Jan/2022:16:49:43] (S): Processed attachment.
[16/Jan/2022:16:49:44] (P): Processing attachment: https://s33834.pcdn.co/restaurant-gb/wp-content/uploads/sites/445/2019/05/neve-restaurant-our-header.jpg...
[16/Jan/2022:16:49:44] (P): Fetching attachment from url: https://s33834.pcdn.co/restaurant-gb/wp-content/uploads/sites/445/2019/05/neve-restaurant-our-header.jpg...
[16/Jan/2022:16:49:44] (S): Fetched remote attachment.
[16/Jan/2022:16:49:44] (P): Inserting attachment...
[16/Jan/2022:16:49:44] (S): Attachment inserted
[16/Jan/2022:16:49:44] (S): Processed attachment.
[16/Jan/2022:16:49:44] (P): Processing attachment: https://s33834.pcdn.co/restaurant-gb/wp-content/uploads/sites/445/2019/05/neve-restaurant-ourrestaurant-photo2.jpg...
[16/Jan/2022:16:49:44] (P): Fetching attachment from url: https://s33834.pcdn.co/restaurant-gb/wp-content/uploads/sites/445/2019/05/neve-restaurant-ourrestaurant-photo2.jpg...
[16/Jan/2022:16:49:44] (S): Fetched remote attachment.
[16/Jan/2022:16:49:44] (P): Inserting attachment...
[16/Jan/2022:16:49:44] (S): Attachment inserted
[16/Jan/2022:16:49:44] (S): Processed attachment.
[16/Jan/2022:16:49:44] (P): Processing attachment: https://s33834.pcdn.co/restaurant-gb/wp-content/uploads/sites/445/2019/05/neve-restaurant-ourrestaurant-photo3.jpg...
[16/Jan/2022:16:49:44] (P): Fetching attachment from url: https://s33834.pcdn.co/restaurant-gb/wp-content/uploads/sites/445/2019/05/neve-restaurant-ourrestaurant-photo3.jpg...
[16/Jan/2022:16:49:44] (S): Fetched remote attachment.
[16/Jan/2022:16:49:44] (P): Inserting attachment...
[16/Jan/2022:16:49:44] (S): Attachment inserted
[16/Jan/2022:16:49:44] (S): Processed attachment.
[16/Jan/2022:16:49:44] (P): Processing attachment: https://s33834.pcdn.co/restaurant-gb/wp-content/uploads/sites/445/2019/05/neve-restaurant-ourrestaurant-photo4.jpg...
[16/Jan/2022:16:49:44] (P): Fetching attachment from url: https://s33834.pcdn.co/restaurant-gb/wp-content/uploads/sites/445/2019/05/neve-restaurant-ourrestaurant-photo4.jpg...
[16/Jan/2022:16:49:44] (S): Fetched remote attachment.
[16/Jan/2022:16:49:44] (P): Inserting attachment...
[16/Jan/2022:16:49:44] (S): Attachment inserted
[16/Jan/2022:16:49:44] (S): Processed attachment.
[16/Jan/2022:16:49:44] (P): Processing attachment: https://s33834.pcdn.co/restaurant-gb/wp-content/uploads/sites/445/2019/05/neve-restaurant-ourrestaurant-photo1.jpg...
[16/Jan/2022:16:49:44] (P): Fetching attachment from url: https://s33834.pcdn.co/restaurant-gb/wp-content/uploads/sites/445/2019/05/neve-restaurant-ourrestaurant-photo1.jpg...
[16/Jan/2022:16:49:44] (S): Fetched remote attachment.
[16/Jan/2022:16:49:44] (P): Inserting attachment...
[16/Jan/2022:16:49:44] (S): Attachment inserted
[16/Jan/2022:16:49:44] (S): Processed attachment.
[16/Jan/2022:16:49:44] (P): Processing attachment: https://s33834.pcdn.co/restaurant-gb/wp-content/uploads/sites/445/2019/05/neve-restaurant-ourrestaurant-photo-m3.jpg...
[16/Jan/2022:16:49:44] (P): Fetching attachment from url: https://s33834.pcdn.co/restaurant-gb/wp-content/uploads/sites/445/2019/05/neve-restaurant-ourrestaurant-photo-m3.jpg...
[16/Jan/2022:16:49:45] (S): Fetched remote attachment.
[16/Jan/2022:16:49:45] (P): Inserting attachment...
[16/Jan/2022:16:49:45] (S): Attachment inserted
[16/Jan/2022:16:49:45] (S): Processed attachment.
[16/Jan/2022:16:49:45] (P): Processing attachment: https://s33834.pcdn.co/restaurant-gb/wp-content/uploads/sites/445/2019/05/neve-restaurant-testimonial-2.jpg...
[16/Jan/2022:16:49:45] (P): Fetching attachment from url: https://s33834.pcdn.co/restaurant-gb/wp-content/uploads/sites/445/2019/05/neve-restaurant-testimonial-2.jpg...
[16/Jan/2022:16:49:45] (S): Fetched remote attachment.
[16/Jan/2022:16:49:45] (P): Inserting attachment...
[16/Jan/2022:16:49:45] (S): Attachment inserted
[16/Jan/2022:16:49:45] (S): Processed attachment.
[16/Jan/2022:16:49:45] (P): Processing attachment: https://s33834.pcdn.co/restaurant-gb/wp-content/uploads/sites/445/2019/05/neve-restaurant-toast.jpg...
[16/Jan/2022:16:49:45] (P): Fetching attachment from url: https://s33834.pcdn.co/restaurant-gb/wp-content/uploads/sites/445/2019/05/neve-restaurant-toast.jpg...
[16/Jan/2022:16:49:45] (S): Fetched remote attachment.
[16/Jan/2022:16:49:45] (P): Inserting attachment...
[16/Jan/2022:16:49:45] (S): Attachment inserted
[16/Jan/2022:16:49:45] (S): Processed attachment.
[16/Jan/2022:16:49:45] (P): Processing attachment: https://s33834.pcdn.co/restaurant-gb/wp-content/uploads/sites/445/2019/05/neve-restaurant-header4-1024x663.jpg...
[16/Jan/2022:16:49:45] (P): Fetching attachment from url: https://s33834.pcdn.co/restaurant-gb/wp-content/uploads/sites/445/2019/05/neve-restaurant-header4-1024x663.jpg...
[16/Jan/2022:16:49:45] (S): Fetched remote attachment.
[16/Jan/2022:16:49:45] (P): Inserting attachment...
[16/Jan/2022:16:49:45] (S): Attachment inserted
[16/Jan/2022:16:49:45] (S): Processed attachment.
[16/Jan/2022:16:49:45] (P): Processing attachment: https://s33834.pcdn.co/restaurant-gb/wp-content/uploads/sites/445/2019/05/neve-restaurant-reservation-header1-1024x429.jpg...
[16/Jan/2022:16:49:45] (P): Fetching attachment from url: https://s33834.pcdn.co/restaurant-gb/wp-content/uploads/sites/445/2019/05/neve-restaurant-reservation-header1-1024x429.jpg...
[16/Jan/2022:16:49:46] (S): Fetched remote attachment.
[16/Jan/2022:16:49:46] (P): Inserting attachment...
[16/Jan/2022:16:49:46] (S): Attachment inserted
[16/Jan/2022:16:49:46] (S): Processed attachment.
[16/Jan/2022:16:49:46] (P): Processing attachment: https://s33834.pcdn.co/restaurant-gb/wp-content/uploads/sites/445/2019/07/neve-restaurant-testimonial-3.jpg...
[16/Jan/2022:16:49:46] (P): Fetching attachment from url: https://s33834.pcdn.co/restaurant-gb/wp-content/uploads/sites/445/2019/07/neve-restaurant-testimonial-3.jpg...
[16/Jan/2022:16:49:46] (S): Fetched remote attachment.
[16/Jan/2022:16:49:46] (P): Inserting attachment...
[16/Jan/2022:16:49:46] (S): Attachment inserted
[16/Jan/2022:16:49:46] (S): Processed attachment.
[16/Jan/2022:16:49:46] (P): Processing attachment: https://s33834.pcdn.co/restaurant-gb/wp-content/uploads/sites/445/2019/07/harta.png...
[16/Jan/2022:16:49:46] (P): Fetching attachment from url: https://s33834.pcdn.co/restaurant-gb/wp-content/uploads/sites/445/2019/07/harta.png...
[16/Jan/2022:16:49:46] (S): Fetched remote attachment.
[16/Jan/2022:16:49:46] (P): Inserting attachment...
[16/Jan/2022:16:49:46] (S): Attachment inserted
[16/Jan/2022:16:49:46] (S): Processed attachment.
[16/Jan/2022:16:49:46] (P): Processing single menu item ' '...
[16/Jan/2022:16:49:46] (P): Processing single menu item ' '...
[16/Jan/2022:16:49:46] (P): Processing single menu item ' '...
[16/Jan/2022:16:49:46] (P): Processing attachment: https://s33834.pcdn.co/restaurant-gb/wp-content/uploads/sites/445/2020/06/restaurant-logo.png...
[16/Jan/2022:16:49:46] (P): Fetching attachment from url: https://s33834.pcdn.co/restaurant-gb/wp-content/uploads/sites/445/2020/06/restaurant-logo.png...
[16/Jan/2022:16:49:46] (S): Fetched remote attachment.
[16/Jan/2022:16:49:46] (P): Inserting attachment...
[16/Jan/2022:16:49:46] (S): Attachment inserted
[16/Jan/2022:16:49:46] (S): Processed attachment.
[16/Jan/2022:16:49:46] (P): Processing attachment: https://s33834.pcdn.co/restaurant-gb/wp-content/uploads/sites/445/2020/06/cropped-restaurant-logo.png...
[16/Jan/2022:16:49:46] (P): Fetching attachment from url: https://s33834.pcdn.co/restaurant-gb/wp-content/uploads/sites/445/2020/06/cropped-restaurant-logo.png...
[16/Jan/2022:16:49:46] (S): Fetched remote attachment.
[16/Jan/2022:16:49:46] (P): Inserting attachment...
[16/Jan/2022:16:49:46] (S): Attachment inserted
[16/Jan/2022:16:49:46] (S): Processed attachment.
[16/Jan/2022:16:49:46] (P): Processing attachment: https://s33834.pcdn.co/restaurant-gb/wp-content/uploads/sites/445/2020/12/restaurant-logo-2.png...
[16/Jan/2022:16:49:46] (P): Fetching attachment from url: https://s33834.pcdn.co/restaurant-gb/wp-content/uploads/sites/445/2020/12/restaurant-logo-2.png...
[16/Jan/2022:16:49:47] (S): Fetched remote attachment.
[16/Jan/2022:16:49:47] (P): Inserting attachment...
[16/Jan/2022:16:49:47] (S): Attachment inserted
[16/Jan/2022:16:49:47] (S): Processed attachment.
[16/Jan/2022:16:49:47] (P): Inserting page: Home .
[16/Jan/2022:16:49:47] (S): Done inserting page: Home .
[16/Jan/2022:16:49:47] (P): Inserting page: Reservations .
[16/Jan/2022:16:49:47] (S): Done inserting page: Reservations .
[16/Jan/2022:16:49:47] (P): Inserting wp_block: Social Banner .
[16/Jan/2022:16:49:47] (S): Done inserting wp_block: Social Banner .
[16/Jan/2022:16:49:47] (P): Inserting wp_block: Footer .
[16/Jan/2022:16:49:47] (S): Done inserting wp_block: Footer .
[16/Jan/2022:16:49:47] (P): Inserting page: Menu .
[16/Jan/2022:16:49:47] (S): Done inserting page: Menu .
[16/Jan/2022:16:49:47] (P): Inserting wp_block: Hero Section .
[16/Jan/2022:16:49:47] (S): Done inserting wp_block: Hero Section .
[16/Jan/2022:16:49:47] (P): Inserting wp_block: Menu block .
[16/Jan/2022:16:49:47] (S): Done inserting wp_block: Menu block .
[16/Jan/2022:16:49:47] (P): Inserting wp_block: Dishes .
[16/Jan/2022:16:49:47] (S): Done inserting wp_block: Dishes .
[16/Jan/2022:16:49:47] (P): Inserting page: Our restaurant .
[16/Jan/2022:16:49:47] (S): Done inserting page: Our restaurant .
[16/Jan/2022:16:49:47] (P): Inserting wp_block: S-icons .
[16/Jan/2022:16:49:47] (S): Done inserting wp_block: S-icons .
[16/Jan/2022:16:49:47] (S): Processed posts.
[16/Jan/2022:16:49:47] (P): Processing single menu item ' '...
[16/Jan/2022:16:49:47] (S): Processed single menu item.
[16/Jan/2022:16:49:47] (P): Processing single menu item ' '...
[16/Jan/2022:16:49:47] (S): Processed single menu item.
[16/Jan/2022:16:49:47] (P): Processing single menu item ' '...
[16/Jan/2022:16:49:47] (S): Processed single menu item.
[16/Jan/2022:16:49:47] (P): Cleaning up import with id ...
[16/Jan/2022:16:49:47] (P): Done cleanup. Flushing cache...
[16/Jan/2022:16:49:47] (P): Flushed cache. Removing temporary data..
[16/Jan/2022:16:49:47] (S): Done importing
[16/Jan/2022:16:49:47] (P): Busting elementor cache
[16/Jan/2022:16:49:47] (S): Front page set up with id: 208.
